Watching for file changes with StatReloader
Method Not Allowed: /api/accounts/auth/login/
[08/Aug/2025 14:05:25] "HEAD /api/accounts/auth/login/ HTTP/1.1" 405 0
[08/Aug/2025 14:15:22] "POST /api/accounts/auth/login/ HTTP/1.1" 200 757
[08/Aug/2025 14:15:28] "POST /api/accounts/auth/login/ HTTP/1.1" 200 757
Not Found: /api/accounts/login/
[08/Aug/2025 14:20:43] "POST /api/accounts/login/ HTTP/1.1" 404 7452
Not Found: /api/accounts/login/
[08/Aug/2025 14:21:36] "POST /api/accounts/login/ HTTP/1.1" 404 7452
[08/Aug/2025 14:22:41] "POST /api/accounts/auth/login/ HTTP/1.1" 200 757
[08/Aug/2025 14:22:51] "GET /api/accounts/dashboard/stats/ HTTP/1.1" 200 186
[08/Aug/2025 14:23:02] "GET /api/accounts/loan-applications/ HTTP/1.1" 200 52
Method Not Allowed: /api/accounts/auth/login/
[08/Aug/2025 14:26:32] "HEAD /api/accounts/auth/login/ HTTP/1.1" 405 0
[08/Aug/2025 14:26:49] "OPTIONS /api/accounts/auth/login/ HTTP/1.1" 200 0
[08/Aug/2025 14:26:49] "POST /api/accounts/auth/login/ HTTP/1.1" 200 757
[08/Aug/2025 14:26:49] "OPTIONS /api/accounts/dashboard/stats/ HTTP/1.1" 200 0
[08/Aug/2025 14:26:49] "OPTIONS /api/accounts/loan-applications/ HTTP/1.1" 200 0
[08/Aug/2025 14:26:49] "GET /api/accounts/loan-applications/ HTTP/1.1" 200 52
[08/Aug/2025 14:26:49] "GET /api/accounts/dashboard/stats/ HTTP/1.1" 200 186
[08/Aug/2025 14:28:01] "GET /api/accounts/dashboard/stats/ HTTP/1.1" 200 186
/Users/mac/AllaweePlus/venv/lib/python3.13/site-packages/rest_framework/pagination.py:207: UnorderedObjectListWarning: Pagination may yield inconsistent results with an unordered object_list: <class 'accounts.models.LoanProduct'> QuerySet.
  paginator = self.django_paginator_class(queryset, page_size)
/Users/mac/AllaweePlus/venv/lib/python3.13/site-packages/rest_framework/fields.py:990: UserWarning: max_value should be a Decimal instance.
  warnings.warn("max_value should be a Decimal instance.")
/Users/mac/AllaweePlus/venv/lib/python3.13/site-packages/rest_framework/fields.py:992: UserWarning: min_value should be a Decimal instance.
  warnings.warn("min_value should be a Decimal instance.")
[08/Aug/2025 14:34:05] "GET /api/accounts/loan-products/ HTTP/1.1" 200 476
[08/Aug/2025 14:34:12] "GET /api/accounts/loan-products/ HTTP/1.1" 200 476
[08/Aug/2025 14:45:39] "POST /api/accounts/auth/login/ HTTP/1.1" 200 757
[08/Aug/2025 14:45:41] "GET /api/accounts/dashboard/user/ HTTP/1.1" 200 180
[08/Aug/2025 14:45:49] "GET /api/accounts/loan-products/ HTTP/1.1" 200 476
[08/Aug/2025 15:14:39] "POST /api/accounts/auth/login/ HTTP/1.1" 200 757
[08/Aug/2025 15:14:41] "GET /api/accounts/dashboard/user/ HTTP/1.1" 200 180
[08/Aug/2025 15:14:47] "GET /api/accounts/loan-products/ HTTP/1.1" 200 476
[08/Aug/2025 15:15:22] "POST /api/accounts/auth/login/ HTTP/1.1" 200 757
[08/Aug/2025 15:15:24] "GET /api/accounts/dashboard/user/ HTTP/1.1" 200 180
[08/Aug/2025 15:15:40] "GET /api/accounts/loan-products/ HTTP/1.1" 200 476
[08/Aug/2025 15:18:25] "POST /api/accounts/auth/login/ HTTP/1.1" 200 757
[08/Aug/2025 15:18:35] "GET /api/accounts/dashboard/user/ HTTP/1.1" 200 180
[08/Aug/2025 15:18:41] "POST /api/accounts/remita/verify-salary/ HTTP/1.1" 200 136
[08/Aug/2025 15:18:41] "GET /api/accounts/dashboard/user/ HTTP/1.1" 200 180
[08/Aug/2025 15:19:01] "GET /api/accounts/loan-products/ HTTP/1.1" 200 476
Unauthorized: /api/accounts/loan-products/
[08/Aug/2025 15:21:31] "GET /api/accounts/loan-products/ HTTP/1.1" 401 58
/Users/mac/AllaweePlus/allawee_backend/accounts/views.py changed, reloading.
Performing system checks...

System check identified no issues (0 silenced).

You have 1 unapplied migration(s). Your project may not work properly until you apply the migrations for app(s): accounts.
Run 'python manage.py migrate' to apply them.
August 08, 2025 - 14:05:13
Django version 5.2.4, using settings 'core.settings'
Starting development server at http://0.0.0.0:8000/
Quit the server with CONTROL-C.

WARNING: This is a development server. Do not use it in a production setting. Use a production WSGI or ASGI server instead.
For more information on production servers see: https://docs.djangoproject.com/en/5.2/howto/deployment/
Watching for file changes with StatReloader
/Users/mac/AllaweePlus/venv/lib/python3.13/site-packages/rest_framework/pagination.py:207: UnorderedObjectListWarning: Pagination may yield inconsistent results with an unordered object_list: <class 'accounts.models.LoanProduct'> QuerySet.
  paginator = self.django_paginator_class(queryset, page_size)
/Users/mac/AllaweePlus/venv/lib/python3.13/site-packages/rest_framework/fields.py:990: UserWarning: max_value should be a Decimal instance.
  warnings.warn("max_value should be a Decimal instance.")
/Users/mac/AllaweePlus/venv/lib/python3.13/site-packages/rest_framework/fields.py:992: UserWarning: min_value should be a Decimal instance.
  warnings.warn("min_value should be a Decimal instance.")
[08/Aug/2025 15:22:10] "GET /api/accounts/loan-products/ HTTP/1.1" 200 476
[08/Aug/2025 15:22:57] "POST /api/accounts/auth/login/ HTTP/1.1" 200 782
[08/Aug/2025 15:22:59] "GET /api/accounts/dashboard/user/ HTTP/1.1" 200 180
[08/Aug/2025 15:23:00] "GET /api/accounts/loan-products/ HTTP/1.1" 200 476
[08/Aug/2025 15:23:16] "GET /api/accounts/loan-products/ HTTP/1.1" 200 476
[08/Aug/2025 15:31:02] "POST /api/accounts/auth/login/ HTTP/1.1" 200 782
[08/Aug/2025 15:31:04] "GET /api/accounts/dashboard/user/ HTTP/1.1" 200 180
[08/Aug/2025 15:50:03] "POST /api/accounts/auth/login/ HTTP/1.1" 200 782
[08/Aug/2025 15:50:05] "GET /api/accounts/dashboard/user/ HTTP/1.1" 200 180
[08/Aug/2025 15:50:24] "GET /api/accounts/loan-products/ HTTP/1.1" 200 476
[08/Aug/2025 15:58:10] "GET /api/accounts/dashboard/user/ HTTP/1.1" 200 180
[08/Aug/2025 15:58:25] "GET /api/accounts/loan-products/ HTTP/1.1" 200 476
[08/Aug/2025 15:59:09] "GET /api/accounts/dashboard/user/ HTTP/1.1" 200 180
[08/Aug/2025 16:06:57] "POST /api/accounts/auth/login/ HTTP/1.1" 200 782
[08/Aug/2025 16:06:59] "GET /api/accounts/dashboard/user/ HTTP/1.1" 200 180
[08/Aug/2025 16:07:02] "GET /api/accounts/loan-products/ HTTP/1.1" 200 476
[08/Aug/2025 16:08:27] "GET /api/accounts/loan-products/ HTTP/1.1" 200 476
[08/Aug/2025 16:11:14] "POST /api/accounts/auth/login/ HTTP/1.1" 200 782
[08/Aug/2025 16:11:15] "GET /api/accounts/dashboard/user/ HTTP/1.1" 200 180
[08/Aug/2025 16:11:17] "GET /api/accounts/loan-products/ HTTP/1.1" 200 476
[08/Aug/2025 16:13:13] "GET /api/accounts/loan-products/ HTTP/1.1" 200 476
[08/Aug/2025 16:14:15] "POST /api/accounts/auth/login/ HTTP/1.1" 200 782
[08/Aug/2025 16:14:16] "GET /api/accounts/dashboard/user/ HTTP/1.1" 200 180
[08/Aug/2025 16:15:43] "GET /api/accounts/dashboard/user/ HTTP/1.1" 200 180
[08/Aug/2025 16:15:55] "GET /api/accounts/dashboard/user/ HTTP/1.1" 200 180
[08/Aug/2025 16:16:04] "GET /api/accounts/dashboard/user/ HTTP/1.1" 200 180
[08/Aug/2025 16:16:16] "GET /api/accounts/dashboard/user/ HTTP/1.1" 200 180
[08/Aug/2025 16:23:54] "POST /api/accounts/auth/login/ HTTP/1.1" 200 782
[08/Aug/2025 16:23:55] "GET /api/accounts/dashboard/user/ HTTP/1.1" 200 180
[08/Aug/2025 16:25:47] "POST /api/accounts/auth/login/ HTTP/1.1" 200 782
[08/Aug/2025 16:25:49] "GET /api/accounts/dashboard/user/ HTTP/1.1" 200 180
[08/Aug/2025 16:27:32] "POST /api/accounts/auth/login/ HTTP/1.1" 200 782
[08/Aug/2025 16:27:33] "GET /api/accounts/dashboard/user/ HTTP/1.1" 200 180
[08/Aug/2025 16:28:24] "GET /api/accounts/dashboard/user/ HTTP/1.1" 200 180
[08/Aug/2025 16:32:06] "POST /api/accounts/auth/login/ HTTP/1.1" 200 782
[08/Aug/2025 16:32:08] "GET /api/accounts/dashboard/user/ HTTP/1.1" 200 180
[08/Aug/2025 16:32:12] "GET /api/accounts/loan-products/ HTTP/1.1" 200 476
[08/Aug/2025 16:36:42] "GET /api/accounts/loan-products/ HTTP/1.1" 200 476
[08/Aug/2025 16:38:09] "POST /api/accounts/auth/login/ HTTP/1.1" 200 782
[08/Aug/2025 16:38:11] "GET /api/accounts/dashboard/user/ HTTP/1.1" 200 180
[08/Aug/2025 16:38:13] "GET /api/accounts/loan-products/ HTTP/1.1" 200 476
[08/Aug/2025 16:39:47] "GET /api/accounts/loan-products/ HTTP/1.1" 200 476
[08/Aug/2025 16:42:00] "POST /api/accounts/auth/login/ HTTP/1.1" 200 782
[08/Aug/2025 16:42:02] "GET /api/accounts/dashboard/user/ HTTP/1.1" 200 180
[08/Aug/2025 16:42:03] "GET /api/accounts/loan-products/ HTTP/1.1" 200 476
[08/Aug/2025 16:49:02] "POST /api/accounts/auth/login/ HTTP/1.1" 200 782
[08/Aug/2025 16:49:04] "GET /api/accounts/dashboard/user/ HTTP/1.1" 200 180
[08/Aug/2025 16:49:06] "GET /api/accounts/loan-products/ HTTP/1.1" 200 476
[08/Aug/2025 16:52:32] "GET /api/accounts/loan-products/ HTTP/1.1" 200 476
[08/Aug/2025 16:52:39] "GET /api/accounts/loan-products/ HTTP/1.1" 200 476
[08/Aug/2025 16:54:29] "POST /api/accounts/auth/login/ HTTP/1.1" 200 782
[08/Aug/2025 16:54:31] "GET /api/accounts/dashboard/user/ HTTP/1.1" 200 180
[08/Aug/2025 16:54:42] "POST /api/accounts/remita/verify-salary/ HTTP/1.1" 200 136
[08/Aug/2025 16:54:42] "GET /api/accounts/dashboard/user/ HTTP/1.1" 200 180
[08/Aug/2025 16:54:46] "POST /api/accounts/auth/login/ HTTP/1.1" 200 782
[08/Aug/2025 16:54:47] "GET /api/accounts/dashboard/user/ HTTP/1.1" 200 180
[08/Aug/2025 16:54:51] "GET /api/accounts/loan-products/ HTTP/1.1" 200 476
[08/Aug/2025 16:55:06] "GET /api/accounts/loan-products/ HTTP/1.1" 200 476
[08/Aug/2025 16:57:55] "GET /api/accounts/dashboard/user/ HTTP/1.1" 200 180
[08/Aug/2025 16:58:05] "GET /api/accounts/dashboard/user/ HTTP/1.1" 200 180
[08/Aug/2025 16:58:16] "GET /api/accounts/dashboard/user/ HTTP/1.1" 200 180
[08/Aug/2025 16:58:25] "GET /api/accounts/dashboard/user/ HTTP/1.1" 200 180
[08/Aug/2025 16:58:35] "GET /api/accounts/loan-products/ HTTP/1.1" 200 476
[08/Aug/2025 16:59:00] "POST /api/accounts/auth/login/ HTTP/1.1" 200 782
[08/Aug/2025 16:59:03] "GET /api/accounts/dashboard/user/ HTTP/1.1" 200 180
[08/Aug/2025 16:59:23] "GET /api/accounts/loan-products/ HTTP/1.1" 200 476
[08/Aug/2025 17:00:15] "POST /api/accounts/auth/login/ HTTP/1.1" 200 782
[08/Aug/2025 17:00:17] "GET /api/accounts/dashboard/user/ HTTP/1.1" 200 180
/Users/mac/AllaweePlus/allawee_backend/core/settings.py changed, reloading.
Performing system checks...

System check identified no issues (0 silenced).

You have 1 unapplied migration(s). Your project may not work properly until you apply the migrations for app(s): accounts.
Run 'python manage.py migrate' to apply them.
August 08, 2025 - 15:21:59
Django version 5.2.4, using settings 'core.settings'
Starting development server at http://0.0.0.0:8000/
Quit the server with CONTROL-C.

WARNING: This is a development server. Do not use it in a production setting. Use a production WSGI or ASGI server instead.
For more information on production servers see: https://docs.djangoproject.com/en/5.2/howto/deployment/
Watching for file changes with StatReloader
[08/Aug/2025 17:02:37] "POST /api/accounts/auth/login/ HTTP/1.1" 200 782
[08/Aug/2025 17:02:39] "GET /api/accounts/dashboard/user/ HTTP/1.1" 200 180
[08/Aug/2025 17:04:08] "POST /api/accounts/auth/login/ HTTP/1.1" 200 782
[08/Aug/2025 17:04:09] "GET /api/accounts/dashboard/user/ HTTP/1.1" 200 180
/Users/mac/AllaweePlus/venv/lib/python3.13/site-packages/rest_framework/pagination.py:207: UnorderedObjectListWarning: Pagination may yield inconsistent results with an unordered object_list: <class 'accounts.models.LoanProduct'> QuerySet.
  paginator = self.django_paginator_class(queryset, page_size)
/Users/mac/AllaweePlus/venv/lib/python3.13/site-packages/rest_framework/fields.py:990: UserWarning: max_value should be a Decimal instance.
  warnings.warn("max_value should be a Decimal instance.")
/Users/mac/AllaweePlus/venv/lib/python3.13/site-packages/rest_framework/fields.py:992: UserWarning: min_value should be a Decimal instance.
  warnings.warn("min_value should be a Decimal instance.")
[08/Aug/2025 17:04:11] "GET /api/accounts/loan-products/ HTTP/1.1" 200 476
[08/Aug/2025 17:04:18] "GET /api/accounts/dashboard/user/ HTTP/1.1" 200 180
[08/Aug/2025 17:04:24] "GET /api/accounts/dashboard/user/ HTTP/1.1" 200 180
[08/Aug/2025 17:04:32] "GET /api/accounts/dashboard/user/ HTTP/1.1" 200 180
[08/Aug/2025 17:04:33] "POST /api/accounts/auth/login/ HTTP/1.1" 200 782
[08/Aug/2025 17:04:35] "GET /api/accounts/dashboard/user/ HTTP/1.1" 200 180
[08/Aug/2025 17:04:40] "GET /api/accounts/dashboard/user/ HTTP/1.1" 200 180
[08/Aug/2025 17:06:27] "POST /api/accounts/auth/login/ HTTP/1.1" 200 782
[08/Aug/2025 17:06:29] "GET /api/accounts/dashboard/user/ HTTP/1.1" 200 180
[08/Aug/2025 17:06:30] "GET /api/accounts/loan-products/ HTTP/1.1" 200 476
[08/Aug/2025 17:08:08] "GET /api/accounts/loan-products/ HTTP/1.1" 200 476
[08/Aug/2025 17:10:45] "GET /api/accounts/loan-products/ HTTP/1.1" 200 476
[08/Aug/2025 17:10:58] "GET /api/accounts/loan-products/ HTTP/1.1" 200 476
[08/Aug/2025 17:11:02] "GET /api/accounts/loan-products/ HTTP/1.1" 200 476
[08/Aug/2025 17:11:19] "POST /api/accounts/auth/login/ HTTP/1.1" 200 782
[08/Aug/2025 17:11:20] "GET /api/accounts/dashboard/user/ HTTP/1.1" 200 180
[08/Aug/2025 17:11:22] "GET /api/accounts/loan-products/ HTTP/1.1" 200 476
[08/Aug/2025 17:16:27] "GET /api/accounts/loan-products/ HTTP/1.1" 200 476
[08/Aug/2025 17:16:37] "GET /api/accounts/loan-products/ HTTP/1.1" 200 476
[08/Aug/2025 17:19:06] "GET /api/accounts/loan-products/ HTTP/1.1" 200 476
[08/Aug/2025 17:22:29] "POST /api/accounts/auth/login/ HTTP/1.1" 200 782
[08/Aug/2025 17:22:30] "GET /api/accounts/dashboard/user/ HTTP/1.1" 200 180
[08/Aug/2025 17:22:32] "GET /api/accounts/loan-products/ HTTP/1.1" 200 476
[08/Aug/2025 17:23:33] "POST /api/accounts/auth/login/ HTTP/1.1" 200 782
[08/Aug/2025 17:23:35] "GET /api/accounts/dashboard/user/ HTTP/1.1" 200 180
[08/Aug/2025 17:23:44] "GET /api/accounts/loan-products/ HTTP/1.1" 200 476
[08/Aug/2025 17:23:49] "GET /api/accounts/loan-products/ HTTP/1.1" 200 476
[08/Aug/2025 17:30:03] "GET /api/accounts/dashboard/user/ HTTP/1.1" 200 180
[08/Aug/2025 17:31:04] "GET /api/accounts/dashboard/user/ HTTP/1.1" 200 180
[08/Aug/2025 17:31:40] "POST /api/accounts/auth/login/ HTTP/1.1" 200 782
[08/Aug/2025 17:31:41] "GET /api/accounts/dashboard/user/ HTTP/1.1" 200 180
[08/Aug/2025 17:31:43] "GET /api/accounts/loan-products/ HTTP/1.1" 200 476
[08/Aug/2025 17:38:48] "POST /api/accounts/auth/login/ HTTP/1.1" 200 782
[08/Aug/2025 17:38:50] "GET /api/accounts/dashboard/user/ HTTP/1.1" 200 180
[08/Aug/2025 17:38:55] "GET /api/accounts/loan-products/ HTTP/1.1" 200 476
[08/Aug/2025 17:41:07] "POST /api/accounts/auth/login/ HTTP/1.1" 200 782
[08/Aug/2025 17:41:09] "GET /api/accounts/dashboard/user/ HTTP/1.1" 200 180
[08/Aug/2025 17:41:35] "POST /api/accounts/auth/login/ HTTP/1.1" 200 782
[08/Aug/2025 17:41:37] "GET /api/accounts/dashboard/user/ HTTP/1.1" 200 180
[08/Aug/2025 17:42:23] "POST /api/accounts/auth/login/ HTTP/1.1" 200 782
[08/Aug/2025 17:42:25] "GET /api/accounts/dashboard/user/ HTTP/1.1" 200 180
[08/Aug/2025 17:42:32] "GET /api/accounts/dashboard/user/ HTTP/1.1" 200 180
[08/Aug/2025 17:42:45] "GET /api/accounts/loan-products/ HTTP/1.1" 200 476
[08/Aug/2025 17:42:49] "GET /api/accounts/loan-products/ HTTP/1.1" 200 476
[08/Aug/2025 17:43:30] "GET /api/accounts/loan-products/ HTTP/1.1" 200 476
[08/Aug/2025 17:43:57] "POST /api/accounts/auth/login/ HTTP/1.1" 200 782
[08/Aug/2025 17:43:58] "GET /api/accounts/dashboard/user/ HTTP/1.1" 200 180
[08/Aug/2025 17:53:56] "POST /api/accounts/auth/login/ HTTP/1.1" 200 782
[08/Aug/2025 17:53:57] "GET /api/accounts/dashboard/user/ HTTP/1.1" 200 180
[08/Aug/2025 17:54:03] "GET /api/accounts/loan-products/ HTTP/1.1" 200 476
[08/Aug/2025 17:54:11] "GET /api/accounts/loan-products/ HTTP/1.1" 200 476
[08/Aug/2025 17:56:36] "GET /api/accounts/dashboard/user/ HTTP/1.1" 200 180
[08/Aug/2025 17:56:51] "GET /api/accounts/dashboard/user/ HTTP/1.1" 200 180
[08/Aug/2025 17:57:46] "GET /api/accounts/dashboard/user/ HTTP/1.1" 200 180
[08/Aug/2025 17:58:21] "GET /api/accounts/dashboard/user/ HTTP/1.1" 200 180
[08/Aug/2025 17:58:25] "GET /api/accounts/loan-products/ HTTP/1.1" 200 476
[08/Aug/2025 17:58:34] "GET /api/accounts/loan-products/ HTTP/1.1" 200 476
[08/Aug/2025 17:58:44] "POST /api/accounts/auth/login/ HTTP/1.1" 200 782
[08/Aug/2025 17:58:45] "GET /api/accounts/dashboard/user/ HTTP/1.1" 200 180
[08/Aug/2025 17:59:04] "GET /api/accounts/dashboard/user/ HTTP/1.1" 200 180
[08/Aug/2025 17:59:13] "GET /api/accounts/dashboard/user/ HTTP/1.1" 200 180
[08/Aug/2025 18:05:16] "GET /api/accounts/loan-products/ HTTP/1.1" 200 476
[08/Aug/2025 18:05:26] "POST /api/accounts/auth/login/ HTTP/1.1" 200 782
[08/Aug/2025 18:05:28] "GET /api/accounts/dashboard/user/ HTTP/1.1" 200 180
[08/Aug/2025 18:07:25] "POST /api/accounts/auth/login/ HTTP/1.1" 200 782
[08/Aug/2025 18:07:26] "GET /api/accounts/dashboard/user/ HTTP/1.1" 200 180
[08/Aug/2025 18:08:01] "GET /api/accounts/loan-products/ HTTP/1.1" 200 476
[08/Aug/2025 18:10:11] "GET /api/accounts/loan-products/ HTTP/1.1" 200 476
[08/Aug/2025 18:17:33] "POST /api/accounts/auth/login/ HTTP/1.1" 200 782
[08/Aug/2025 18:17:35] "GET /api/accounts/dashboard/user/ HTTP/1.1" 200 180
[08/Aug/2025 18:19:06] "GET /api/accounts/dashboard/user/ HTTP/1.1" 200 180
[08/Aug/2025 18:19:39] "GET /api/accounts/dashboard/user/ HTTP/1.1" 200 180
[08/Aug/2025 18:21:40] "GET /api/accounts/dashboard/user/ HTTP/1.1" 200 180
[08/Aug/2025 18:23:58] "POST /api/accounts/auth/login/ HTTP/1.1" 200 782
[08/Aug/2025 18:24:02] "GET /api/accounts/dashboard/user/ HTTP/1.1" 200 180
[08/Aug/2025 18:24:04] "GET /api/accounts/loan-products/ HTTP/1.1" 200 476
[08/Aug/2025 18:29:54] "GET /api/accounts/loan-products/ HTTP/1.1" 200 476
[08/Aug/2025 18:31:04] "POST /api/accounts/auth/login/ HTTP/1.1" 200 782
[08/Aug/2025 18:31:06] "GET /api/accounts/dashboard/user/ HTTP/1.1" 200 180
[08/Aug/2025 18:51:59] "POST /api/accounts/auth/login/ HTTP/1.1" 200 782
[08/Aug/2025 18:52:00] "GET /api/accounts/dashboard/user/ HTTP/1.1" 200 180
[08/Aug/2025 18:52:02] "GET /api/accounts/loan-products/ HTTP/1.1" 200 476
[08/Aug/2025 18:53:34] "GET /api/accounts/profile/ HTTP/1.1" 200 656
[08/Aug/2025 18:53:34] "GET /api/accounts/loan-products/ HTTP/1.1" 200 476
[08/Aug/2025 18:53:46] "GET /api/accounts/profile/ HTTP/1.1" 200 656
[08/Aug/2025 18:53:46] "GET /api/accounts/loan-products/ HTTP/1.1" 200 476
[08/Aug/2025 18:54:16] "GET /api/accounts/profile/ HTTP/1.1" 200 656
[08/Aug/2025 18:54:16] "GET /api/accounts/loan-products/ HTTP/1.1" 200 476
[08/Aug/2025 18:56:34] "POST /api/accounts/auth/login/ HTTP/1.1" 200 782
[08/Aug/2025 18:56:39] "GET /api/accounts/dashboard/user/ HTTP/1.1" 200 180
[08/Aug/2025 19:02:45] "POST /api/accounts/auth/login/ HTTP/1.1" 200 782
[08/Aug/2025 19:02:46] "GET /api/accounts/dashboard/user/ HTTP/1.1" 200 180
[08/Aug/2025 19:02:56] "GET /api/accounts/profile/ HTTP/1.1" 200 656
[08/Aug/2025 19:02:56] "GET /api/accounts/loan-products/ HTTP/1.1" 200 476
[08/Aug/2025 19:05:45] "POST /api/accounts/auth/login/ HTTP/1.1" 200 782
[08/Aug/2025 19:05:47] "GET /api/accounts/dashboard/user/ HTTP/1.1" 200 180
[08/Aug/2025 19:05:50] "GET /api/accounts/profile/ HTTP/1.1" 200 656
[08/Aug/2025 19:05:50] "GET /api/accounts/loan-products/ HTTP/1.1" 200 476
[08/Aug/2025 19:06:09] "POST /api/accounts/auth/login/ HTTP/1.1" 200 782
[08/Aug/2025 19:06:11] "GET /api/accounts/dashboard/user/ HTTP/1.1" 200 180
[08/Aug/2025 19:08:24] "POST /api/accounts/auth/login/ HTTP/1.1" 200 782
[08/Aug/2025 19:08:25] "GET /api/accounts/dashboard/user/ HTTP/1.1" 200 180
[08/Aug/2025 19:09:38] "POST /api/accounts/auth/login/ HTTP/1.1" 200 782
[08/Aug/2025 19:09:40] "GET /api/accounts/dashboard/user/ HTTP/1.1" 200 180
[08/Aug/2025 19:09:42] "GET /api/accounts/loan-products/ HTTP/1.1" 200 476
[08/Aug/2025 19:09:42] "GET /api/accounts/profile/ HTTP/1.1" 200 656
[08/Aug/2025 19:19:59] "POST /api/accounts/auth/login/ HTTP/1.1" 200 782
[08/Aug/2025 19:20:01] "GET /api/accounts/dashboard/user/ HTTP/1.1" 200 180
[08/Aug/2025 19:20:03] "GET /api/accounts/loan-products/ HTTP/1.1" 200 476
[08/Aug/2025 19:20:03] "GET /api/accounts/profile/ HTTP/1.1" 200 656
[08/Aug/2025 19:20:20] "POST /api/accounts/remita/verify-salary/ HTTP/1.1" 200 136
[08/Aug/2025 19:20:20] "GET /api/accounts/dashboard/user/ HTTP/1.1" 200 180
[08/Aug/2025 19:20:25] "POST /api/accounts/auth/login/ HTTP/1.1" 200 782
[08/Aug/2025 19:20:26] "GET /api/accounts/dashboard/user/ HTTP/1.1" 200 180
[08/Aug/2025 19:30:24] "GET /api/accounts/dashboard/user/ HTTP/1.1" 200 180
[08/Aug/2025 19:30:28] "POST /api/accounts/auth/login/ HTTP/1.1" 200 782
[08/Aug/2025 19:30:30] "GET /api/accounts/dashboard/user/ HTTP/1.1" 200 180
[08/Aug/2025 19:30:53] "POST /api/accounts/auth/login/ HTTP/1.1" 200 782
[08/Aug/2025 19:30:54] "GET /api/accounts/dashboard/user/ HTTP/1.1" 200 180
[08/Aug/2025 19:31:14] "GET /api/accounts/profile/ HTTP/1.1" 200 656
[08/Aug/2025 19:31:14] "GET /api/accounts/loan-products/ HTTP/1.1" 200 476
[08/Aug/2025 19:32:09] "POST /api/accounts/auth/login/ HTTP/1.1" 200 782
[08/Aug/2025 19:32:10] "GET /api/accounts/dashboard/user/ HTTP/1.1" 200 180
[08/Aug/2025 19:32:22] "POST /api/accounts/auth/login/ HTTP/1.1" 200 782
[08/Aug/2025 19:32:24] "GET /api/accounts/dashboard/user/ HTTP/1.1" 200 180
[08/Aug/2025 19:32:28] "GET /api/accounts/dashboard/user/ HTTP/1.1" 200 180
[08/Aug/2025 19:32:30] "GET /api/accounts/profile/ HTTP/1.1" 200 656
[08/Aug/2025 19:32:30] "GET /api/accounts/loan-products/ HTTP/1.1" 200 476
[08/Aug/2025 19:32:39] "GET /api/accounts/profile/ HTTP/1.1" 200 656
[08/Aug/2025 19:32:39] "GET /api/accounts/loan-products/ HTTP/1.1" 200 476
[08/Aug/2025 19:35:09] "POST /api/accounts/auth/login/ HTTP/1.1" 200 782
[08/Aug/2025 19:35:16] "GET /api/accounts/dashboard/user/ HTTP/1.1" 200 180
[08/Aug/2025 19:35:18] "GET /api/accounts/loan-products/ HTTP/1.1" 200 476
[08/Aug/2025 19:35:18] "GET /api/accounts/profile/ HTTP/1.1" 200 656
[08/Aug/2025 19:36:11] "POST /api/accounts/auth/login/ HTTP/1.1" 200 782
[08/Aug/2025 19:36:13] "GET /api/accounts/dashboard/user/ HTTP/1.1" 200 180
[08/Aug/2025 19:36:17] "GET /api/accounts/loan-products/ HTTP/1.1" 200 476
[08/Aug/2025 19:36:17] "GET /api/accounts/profile/ HTTP/1.1" 200 656
[09/Aug/2025 13:42:24] "POST /api/accounts/auth/login/ HTTP/1.1" 200 782
[09/Aug/2025 13:42:26] "GET /api/accounts/dashboard/user/ HTTP/1.1" 200 180
[09/Aug/2025 23:23:47] "POST /api/accounts/auth/login/ HTTP/1.1" 200 782
[09/Aug/2025 23:23:49] "GET /api/accounts/dashboard/user/ HTTP/1.1" 200 180
[09/Aug/2025 23:24:04] "GET /api/accounts/loan-products/ HTTP/1.1" 200 476
[09/Aug/2025 23:24:04] "GET /api/accounts/profile/ HTTP/1.1" 200 656
[09/Aug/2025 23:24:26] "POST /api/accounts/auth/login/ HTTP/1.1" 200 782
[09/Aug/2025 23:24:29] "GET /api/accounts/dashboard/user/ HTTP/1.1" 200 180
[09/Aug/2025 23:42:49] "POST /api/accounts/auth/login/ HTTP/1.1" 200 782
[09/Aug/2025 23:42:52] "GET /api/accounts/dashboard/user/ HTTP/1.1" 200 180
[10/Aug/2025 00:38:00] "POST /api/accounts/auth/login/ HTTP/1.1" 200 782
[10/Aug/2025 00:38:02] "GET /api/accounts/dashboard/user/ HTTP/1.1" 200 180
[10/Aug/2025 00:38:08] "GET /api/accounts/dashboard/user/ HTTP/1.1" 200 180
[10/Aug/2025 00:38:08] "GET /api/accounts/dashboard/user/ HTTP/1.1" 200 180
[10/Aug/2025 00:38:12] "GET /api/accounts/dashboard/user/ HTTP/1.1" 200 180
[10/Aug/2025 00:38:12] "GET /api/accounts/dashboard/user/ HTTP/1.1" 200 180
[10/Aug/2025 00:38:17] "POST /api/accounts/auth/login/ HTTP/1.1" 200 782
[10/Aug/2025 00:38:18] "GET /api/accounts/dashboard/user/ HTTP/1.1" 200 180
[10/Aug/2025 00:39:11] "GET /api/accounts/profile/ HTTP/1.1" 200 656
[10/Aug/2025 00:39:11] "GET /api/accounts/loan-products/ HTTP/1.1" 200 476
